{"/home/travis/build/npmtest/node-npmtest-api-easy/test.js":{"path":"/home/travis/build/npmtest/node-npmtest-api-easy/test.js","s":{"1":2,"2":2,"3":2,"4":2,"5":2,"6":2,"7":2,"8":1,"9":2,"10":2,"11":1,"12":1,"13":1,"14":1,"15":2,"16":2,"17":2,"18":2,"19":1,"20":1,"21":2,"22":2,"23":2,"24":1,"25":1,"26":1,"27":1,"28":1,"29":1,"30":1,"31":1,"32":1,"33":1,"34":1,"35":1,"36":1,"37":1,"38":1,"39":2,"40":2,"41":1,"42":2,"43":2,"44":1,"45":2,"46":2,"47":1,"48":2,"49":2,"50":1,"51":1,"52":1,"53":1,"54":1},"b":{"1":[2,1,1,1],"2":[1,1,1,1],"3":[1,1],"4":[1,1],"5":[1,1],"6":[1,1],"7":[1,1],"8":[1,1],"9":[1,1],"10":[1,1,1],"11":[1,1],"12":[1,1],"13":[1,1],"14":[1,1],"15":[1,1],"16":[1,1],"17":[1,1]},"f":{"1":2,"2":2,"3":2,"4":2,"5":2,"6":1,"7":1,"8":1,"9":2,"10":2,"11":2,"12":2,"13":1},"fnMap":{"1":{"name":"(anonymous_1)","line":12,"loc":{"start":{"line":12,"column":1},"end":{"line":12,"column":13}}},"2":{"name":"(anonymous_2)","line":19,"loc":{"start":{"line":19,"column":5},"end":{"line":19,"column":17}}},"3":{"name":"(anonymous_3)","line":23,"loc":{"start":{"line":23,"column":24},"end":{"line":23,"column":36}}},"4":{"name":"(anonymous_4)","line":61,"loc":{"start":{"line":61,"column":5},"end":{"line":61,"column":17}}},"5":{"name":"(anonymous_5)","line":82,"loc":{"start":{"line":82,"column":5},"end":{"line":82,"column":17}}},"6":{"name":"(anonymous_6)","line":91,"loc":{"start":{"line":91,"column":77},"end":{"line":94,"column":10}}},"7":{"name":"(anonymous_7)","line":112,"loc":{"start":{"line":112,"column":83},"end":{"line":115,"column":10}},"skip":true},"8":{"name":"(anonymous_8)","line":123,"loc":{"start":{"line":123,"column":77},"end":{"line":126,"column":10}},"skip":true},"9":{"name":"(anonymous_9)","line":139,"loc":{"start":{"line":139,"column":12},"end":{"line":139,"column":40}},"skip":true},"10":{"name":"(anonymous_10)","line":147,"loc":{"start":{"line":147,"column":77},"end":{"line":150,"column":10}},"skip":true},"11":{"name":"(anonymous_11)","line":158,"loc":{"start":{"line":158,"column":83},"end":{"line":161,"column":10}},"skip":true},"12":{"name":"(anonymous_12)","line":169,"loc":{"start":{"line":169,"column":79},"end":{"line":172,"column":10}},"skip":true},"13":{"name":"(anonymous_13)","line":180,"loc":{"start":{"line":180,"column":75},"end":{"line":183,"column":10}},"skip":true}},"statementMap":{"1":{"start":{"line":12,"column":0},"end":{"line":195,"column":5}},"2":{"start":{"line":14,"column":4},"end":{"line":14,"column":14}},"3":{"start":{"line":19,"column":4},"end":{"line":56,"column":9}},"4":{"start":{"line":21,"column":8},"end":{"line":21,"column":19}},"5":{"start":{"line":23,"column":8},"end":{"line":35,"column":13}},"6":{"start":{"line":24,"column":12},"end":{"line":34,"column":13}},"7":{"start":{"line":25,"column":16},"end":{"line":28,"column":30}},"8":{"start":{"line":30,"column":16},"end":{"line":33,"column":27}},"9":{"start":{"line":37,"column":8},"end":{"line":39,"column":21}},"10":{"start":{"line":40,"column":8},"end":{"line":53,"column":9}},"11":{"start":{"line":43,"column":12},"end":{"line":46,"column":14}},"12":{"start":{"line":47,"column":12},"end":{"line":47,"column":18}},"13":{"start":{"line":50,"column":12},"end":{"line":51,"column":46}},"14":{"start":{"line":52,"column":12},"end":{"line":52,"column":18}},"15":{"start":{"line":55,"column":8},"end":{"line":55,"column":35}},"16":{"start":{"line":61,"column":4},"end":{"line":63,"column":9}},"17":{"start":{"line":62,"column":8},"end":{"line":62,"column":15}},"18":{"start":{"line":64,"column":4},"end":{"line":77,"column":5}},"19":{"start":{"line":70,"column":8},"end":{"line":70,"column":14}},"20":{"start":{"line":76,"column":8},"end":{"line":76,"column":14}},"21":{"start":{"line":82,"column":4},"end":{"line":84,"column":9}},"22":{"start":{"line":83,"column":8},"end":{"line":83,"column":15}},"23":{"start":{"line":85,"column":4},"end":{"line":194,"column":5}},"24":{"start":{"line":91,"column":8},"end":{"line":99,"column":10}},"25":{"start":{"line":98,"column":12},"end":{"line":98,"column":35}},"26":{"start":{"line":102,"column":8},"end":{"line":104,"column":63}},"27":{"start":{"line":105,"column":8},"end":{"line":105,"column":14}},"28":{"start":{"line":112,"column":8},"end":{"line":121,"column":10},"skip":true},"29":{"start":{"line":119,"column":12},"end":{"line":119,"column":55},"skip":true},"30":{"start":{"line":120,"column":12},"end":{"line":120,"column":48},"skip":true},"31":{"start":{"line":123,"column":8},"end":{"line":136,"column":10},"skip":true},"32":{"start":{"line":130,"column":12},"end":{"line":130,"column":76},"skip":true},"33":{"start":{"line":131,"column":12},"end":{"line":131,"column":73},"skip":true},"34":{"start":{"line":132,"column":12},"end":{"line":132,"column":74},"skip":true},"35":{"start":{"line":133,"column":12},"end":{"line":133,"column":79},"skip":true},"36":{"start":{"line":134,"column":12},"end":{"line":134,"column":25},"skip":true},"37":{"start":{"line":135,"column":12},"end":{"line":135,"column":45},"skip":true},"38":{"start":{"line":138,"column":8},"end":{"line":145,"column":14},"skip":true},"39":{"start":{"line":143,"column":16},"end":{"line":143,"column":29},"skip":true},"40":{"start":{"line":144,"column":16},"end":{"line":144,"column":55},"skip":true},"41":{"start":{"line":147,"column":8},"end":{"line":156,"column":10},"skip":true},"42":{"start":{"line":154,"column":12},"end":{"line":154,"column":25},"skip":true},"43":{"start":{"line":155,"column":12},"end":{"line":155,"column":45},"skip":true},"44":{"start":{"line":158,"column":8},"end":{"line":167,"column":10},"skip":true},"45":{"start":{"line":165,"column":12},"end":{"line":165,"column":25},"skip":true},"46":{"start":{"line":166,"column":12},"end":{"line":166,"column":48},"skip":true},"47":{"start":{"line":169,"column":8},"end":{"line":178,"column":10},"skip":true},"48":{"start":{"line":176,"column":12},"end":{"line":176,"column":25},"skip":true},"49":{"start":{"line":177,"column":12},"end":{"line":177,"column":46},"skip":true},"50":{"start":{"line":180,"column":8},"end":{"line":189,"column":10},"skip":true},"51":{"start":{"line":187,"column":12},"end":{"line":187,"column":94},"skip":true},"52":{"start":{"line":188,"column":12},"end":{"line":188,"column":48},"skip":true},"53":{"start":{"line":192,"column":8},"end":{"line":192,"column":35},"skip":true},"54":{"start":{"line":193,"column":8},"end":{"line":193,"column":14},"skip":true}},"branchMap":{"1":{"line":25,"type":"binary-expr","locations":[{"start":{"line":25,"column":23},"end":{"line":25,"column":62}},{"start":{"line":26,"column":20},"end":{"line":26,"column":70}},{"start":{"line":27,"column":20},"end":{"line":27,"column":71}},{"start":{"line":28,"column":20},"end":{"line":28,"column":29}}]},"2":{"line":30,"type":"binary-expr","locations":[{"start":{"line":30,"column":23},"end":{"line":30,"column":37}},{"start":{"line":31,"column":20},"end":{"line":31,"column":61}},{"start":{"line":32,"column":20},"end":{"line":32,"column":70}},{"start":{"line":33,"column":20},"end":{"line":33,"column":26}}]},"3":{"line":37,"type":"cond-expr","locations":[{"start":{"line":38,"column":14},"end":{"line":38,"column":20}},{"start":{"line":39,"column":14},"end":{"line":39,"column":20}}]},"4":{"line":40,"type":"switch","locations":[{"start":{"line":42,"column":8},"end":{"line":47,"column":18}},{"start":{"line":49,"column":8},"end":{"line":52,"column":18}}]},"5":{"line":44,"type":"binary-expr","locations":[{"start":{"line":44,"column":16},"end":{"line":44,"column":44}},{"start":{"line":44,"column":48},"end":{"line":44,"column":66}}]},"6":{"line":50,"type":"binary-expr","locations":[{"start":{"line":50,"column":21},"end":{"line":50,"column":49}},{"start":{"line":50,"column":53},"end":{"line":50,"column":72}}]},"7":{"line":64,"type":"switch","locations":[{"start":{"line":69,"column":4},"end":{"line":70,"column":14}},{"start":{"line":75,"column":4},"end":{"line":76,"column":14}}]},"8":{"line":85,"type":"switch","locations":[{"start":{"line":90,"column":4},"end":{"line":105,"column":14}},{"start":{"line":111,"column":4},"end":{"line":193,"column":14},"skip":true}]},"9":{"line":91,"type":"binary-expr","locations":[{"start":{"line":91,"column":42},"end":{"line":91,"column":73}},{"start":{"line":91,"column":77},"end":{"line":99,"column":9}}]},"10":{"line":102,"type":"binary-expr","locations":[{"start":{"line":102,"column":18},"end":{"line":102,"column":32}},{"start":{"line":103,"column":12},"end":{"line":103,"column":53}},{"start":{"line":104,"column":12},"end":{"line":104,"column":61}}]},"11":{"line":112,"type":"binary-expr","locations":[{"start":{"line":112,"column":45},"end":{"line":112,"column":79},"skip":true},{"start":{"line":112,"column":83},"end":{"line":121,"column":9},"skip":true}]},"12":{"line":123,"type":"binary-expr","locations":[{"start":{"line":123,"column":42},"end":{"line":123,"column":73},"skip":true},{"start":{"line":123,"column":77},"end":{"line":136,"column":9},"skip":true}]},"13":{"line":138,"type":"binary-expr","locations":[{"start":{"line":138,"column":48},"end":{"line":138,"column":85},"skip":true},{"start":{"line":139,"column":12},"end":{"line":145,"column":13},"skip":true}]},"14":{"line":147,"type":"binary-expr","locations":[{"start":{"line":147,"column":42},"end":{"line":147,"column":73},"skip":true},{"start":{"line":147,"column":77},"end":{"line":156,"column":9},"skip":true}]},"15":{"line":158,"type":"binary-expr","locations":[{"start":{"line":158,"column":45},"end":{"line":158,"column":79},"skip":true},{"start":{"line":158,"column":83},"end":{"line":167,"column":9},"skip":true}]},"16":{"line":169,"type":"binary-expr","locations":[{"start":{"line":169,"column":43},"end":{"line":169,"column":75},"skip":true},{"start":{"line":169,"column":79},"end":{"line":178,"column":9},"skip":true}]},"17":{"line":180,"type":"binary-expr","locations":[{"start":{"line":180,"column":41},"end":{"line":180,"column":71},"skip":true},{"start":{"line":180,"column":75},"end":{"line":189,"column":9},"skip":true}]}},"code":["/* istanbul instrument in package npmtest_api_easy */","/*jslint","    bitwise: true,","    browser: true,","    maxerr: 8,","    maxlen: 96,","    node: true,","    nomen: true,","    regexp: true,","    stupid: true","*/","(function () {","    'use strict';","    var local;","","","","    // run shared js-env code - pre-init","    (function () {","        // init local","        local = {};","        // init modeJs","        local.modeJs = (function () {","            try {","                return typeof navigator.userAgent === 'string' &&","                    typeof document.querySelector('body') === 'object' &&","                    typeof XMLHttpRequest.prototype.open === 'function' &&","                    'browser';","            } catch (errorCaughtBrowser) {","                return module.exports &&","                    typeof process.versions.node === 'string' &&","                    typeof require('http').createServer === 'function' &&","                    'node';","            }","        }());","        // init global","        local.global = local.modeJs === 'browser'","            ? window","            : global;","        switch (local.modeJs) {","        // re-init local from window.local","        case 'browser':","            local = local.global.utility2.objectSetDefault(","                local.global.utility2_rollup || local.global.local,","                local.global.utility2","            );","            break;","        // re-init local from example.js","        case 'node':","            local = (local.global.utility2_rollup || require('utility2'))","                .requireExampleJsFromReadme();","            break;","        }","        // export local","        local.global.local = local;","    }());","","","","    // run shared js-env code - function","    (function () {","        return;","    }());","    switch (local.modeJs) {","","","","    // run browser js-env code - function","    case 'browser':","        break;","","","","    // run node js-env code - function","    case 'node':","        break;","    }","","","","    // run shared js-env code - post-init","    (function () {","        return;","    }());","    switch (local.modeJs) {","","","","    // run browser js-env code - post-init","    case 'browser':","        local.testCase_browser_nullCase = local.testCase_browser_nullCase || function (","            options,","            onError","        ) {","        /*","         * this function will test browsers's null-case handling-behavior-behavior","         */","            onError(null, options);","        };","","        // run tests","        local.nop(local.modeTest &&","            document.querySelector('#testRunButton1') &&","            document.querySelector('#testRunButton1').click());","        break;","","","","    // run node js-env code - post-init","    /* istanbul ignore next */","    case 'node':","        local.testCase_buildApidoc_default = local.testCase_buildApidoc_default || function (","            options,","            onError","        ) {","        /*","         * this function will test buildApidoc's default handling-behavior-behavior","         */","            options = { modulePathList: module.paths };","            local.buildApidoc(options, onError);","        };","","        local.testCase_buildApp_default = local.testCase_buildApp_default || function (","            options,","            onError","        ) {","        /*","         * this function will test buildApp's default handling-behavior-behavior","         */","            local.testCase_buildReadme_default(options, local.onErrorThrow);","            local.testCase_buildLib_default(options, local.onErrorThrow);","            local.testCase_buildTest_default(options, local.onErrorThrow);","            local.testCase_buildCustomOrg_default(options, local.onErrorThrow);","            options = [];","            local.buildApp(options, onError);","        };","","        local.testCase_buildCustomOrg_default = local.testCase_buildCustomOrg_default ||","            function (options, onError) {","            /*","             * this function will test buildCustomOrg's default handling-behavior","             */","                options = {};","                local.buildCustomOrg(options, onError);","            };","","        local.testCase_buildLib_default = local.testCase_buildLib_default || function (","            options,","            onError","        ) {","        /*","         * this function will test buildLib's default handling-behavior","         */","            options = {};","            local.buildLib(options, onError);","        };","","        local.testCase_buildReadme_default = local.testCase_buildReadme_default || function (","            options,","            onError","        ) {","        /*","         * this function will test buildReadme's default handling-behavior-behavior","         */","            options = {};","            local.buildReadme(options, onError);","        };","","        local.testCase_buildTest_default = local.testCase_buildTest_default || function (","            options,","            onError","        ) {","        /*","         * this function will test buildTest's default handling-behavior","         */","            options = {};","            local.buildTest(options, onError);","        };","","        local.testCase_webpage_default = local.testCase_webpage_default || function (","            options,","            onError","        ) {","        /*","         * this function will test webpage's default handling-behavior","         */","            options = { modeCoverageMerge: true, url: local.serverLocalHost + '?modeTest=1' };","            local.browserTest(options, onError);","        };","","        // run test-server","        local.testRunServer(local);","        break;","    }","}());",""],"l":{"12":2,"14":2,"19":2,"21":2,"23":2,"24":2,"25":2,"30":1,"37":2,"40":2,"43":1,"47":1,"50":1,"52":1,"55":2,"61":2,"62":2,"64":2,"70":1,"76":1,"82":2,"83":2,"85":2,"91":1,"98":1,"102":1,"105":1,"112":1,"119":1,"120":1,"123":1,"130":1,"131":1,"132":1,"133":1,"134":1,"135":1,"138":1,"143":2,"144":2,"147":1,"154":2,"155":2,"158":1,"165":2,"166":2,"169":1,"176":2,"177":2,"180":1,"187":1,"188":1,"192":1,"193":1}},"/home/travis/build/npmtest/node-npmtest-api-easy/lib.npmtest_api_easy.js":{"path":"/home/travis/build/npmtest/node-npmtest-api-easy/lib.npmtest_api_easy.js","s":{"1":2,"2":2,"3":2,"4":2,"5":2,"6":2,"7":2,"8":1,"9":2,"10":2,"11":2,"12":2,"13":1,"14":1,"15":1,"16":1},"b":{"1":[2,1,1,1],"2":[1,1,1,1],"3":[1,1],"4":[2,2],"5":[1,1]},"f":{"1":2,"2":2,"3":2},"fnMap":{"1":{"name":"(anonymous_1)","line":12,"loc":{"start":{"line":12,"column":1},"end":{"line":12,"column":13}}},"2":{"name":"(anonymous_2)","line":19,"loc":{"start":{"line":19,"column":5},"end":{"line":19,"column":17}}},"3":{"name":"(anonymous_3)","line":23,"loc":{"start":{"line":23,"column":24},"end":{"line":23,"column":36}}}},"statementMap":{"1":{"start":{"line":12,"column":0},"end":{"line":53,"column":5}},"2":{"start":{"line":14,"column":4},"end":{"line":14,"column":14}},"3":{"start":{"line":19,"column":4},"end":{"line":52,"column":9}},"4":{"start":{"line":21,"column":8},"end":{"line":21,"column":19}},"5":{"start":{"line":23,"column":8},"end":{"line":35,"column":13}},"6":{"start":{"line":24,"column":12},"end":{"line":34,"column":13}},"7":{"start":{"line":25,"column":16},"end":{"line":28,"column":30}},"8":{"start":{"line":30,"column":16},"end":{"line":33,"column":27}},"9":{"start":{"line":37,"column":8},"end":{"line":39,"column":21}},"10":{"start":{"line":41,"column":8},"end":{"line":41,"column":54}},"11":{"start":{"line":43,"column":8},"end":{"line":43,"column":53}},"12":{"start":{"line":45,"column":8},"end":{"line":51,"column":9}},"13":{"start":{"line":46,"column":12},"end":{"line":46,"column":59}},"14":{"start":{"line":48,"column":12},"end":{"line":48,"column":35}},"15":{"start":{"line":49,"column":12},"end":{"line":49,"column":49}},"16":{"start":{"line":50,"column":12},"end":{"line":50,"column":43}}},"branchMap":{"1":{"line":25,"type":"binary-expr","locations":[{"start":{"line":25,"column":23},"end":{"line":25,"column":62}},{"start":{"line":26,"column":20},"end":{"line":26,"column":70}},{"start":{"line":27,"column":20},"end":{"line":27,"column":71}},{"start":{"line":28,"column":20},"end":{"line":28,"column":29}}]},"2":{"line":30,"type":"binary-expr","locations":[{"start":{"line":30,"column":23},"end":{"line":30,"column":37}},{"start":{"line":31,"column":20},"end":{"line":31,"column":61}},{"start":{"line":32,"column":20},"end":{"line":32,"column":70}},{"start":{"line":33,"column":20},"end":{"line":33,"column":26}}]},"3":{"line":37,"type":"cond-expr","locations":[{"start":{"line":38,"column":14},"end":{"line":38,"column":20}},{"start":{"line":39,"column":14},"end":{"line":39,"column":20}}]},"4":{"line":41,"type":"binary-expr","locations":[{"start":{"line":41,"column":16},"end":{"line":41,"column":44}},{"start":{"line":41,"column":48},"end":{"line":41,"column":53}}]},"5":{"line":45,"type":"if","locations":[{"start":{"line":45,"column":8},"end":{"line":45,"column":8}},{"start":{"line":45,"column":8},"end":{"line":45,"column":8}}]}},"code":["/* istanbul instrument in package npmtest_api_easy */","/*jslint","    bitwise: true,","    browser: true,","    maxerr: 8,","    maxlen: 96,","    node: true,","    nomen: true,","    regexp: true,","    stupid: true","*/","(function () {","    'use strict';","    var local;","","","","    // run shared js-env code - pre-init","    (function () {","        // init local","        local = {};","        // init modeJs","        local.modeJs = (function () {","            try {","                return typeof navigator.userAgent === 'string' &&","                    typeof document.querySelector('body') === 'object' &&","                    typeof XMLHttpRequest.prototype.open === 'function' &&","                    'browser';","            } catch (errorCaughtBrowser) {","                return module.exports &&","                    typeof process.versions.node === 'string' &&","                    typeof require('http').createServer === 'function' &&","                    'node';","            }","        }());","        // init global","        local.global = local.modeJs === 'browser'","            ? window","            : global;","        // init utility2_rollup","        local = local.global.utility2_rollup || local;","        // init lib","        local.local = local.npmtest_api_easy = local;","        // init exports","        if (local.modeJs === 'browser') {","            local.global.utility2_npmtest_api_easy = local;","        } else {","            module.exports = local;","            module.exports.__dirname = __dirname;","            module.exports.module = module;","        }","    }());","}());",""],"l":{"12":2,"14":2,"19":2,"21":2,"23":2,"24":2,"25":2,"30":1,"37":2,"41":2,"43":2,"45":2,"46":1,"48":1,"49":1,"50":1}},"/home/travis/build/npmtest/node-npmtest-api-easy/example.js":{"path":"/home/travis/build/npmtest/node-npmtest-api-easy/example.js","s":{"1":2,"2":2,"3":2,"4":2,"5":2,"6":2,"7":2,"8":1,"9":2,"10":2,"11":2,"12":2,"13":1,"14":2,"15":2,"16":2,"17":2,"18":2,"19":0,"20":2,"21":1,"22":1,"23":1,"24":1,"25":1,"26":0,"27":0,"28":1,"29":1,"30":2,"31":0,"32":0,"33":0,"34":1,"35":2,"36":2,"37":3,"38":3,"39":3,"40":3,"41":0,"42":3,"43":3,"44":3,"45":1,"46":3,"47":1,"48":1,"49":1,"50":1,"51":1,"52":1,"53":1,"54":1,"55":1,"56":1,"57":0,"58":1,"59":6,"60":6,"61":1,"62":2,"63":0,"64":2,"65":1,"66":1,"67":0,"68":0,"69":0,"70":0,"71":0,"72":0,"73":0,"74":0,"75":0,"76":0,"77":0,"78":0,"79":0,"80":0,"81":0,"82":0,"83":0},"b":{"1":[2,1,1,1],"2":[1,1,1,1],"3":[1,1],"4":[2,2],"5":[1,1],"6":[1,1],"7":[2,0],"8":[2,1,1,1,1,1],"9":[0,2,0],"10":[1,1],"11":[2,1,1],"12":[1,0],"13":[0,2],"14":[2,0,0,0,0,0,0],"15":[0,3],"16":[3,0],"17":[1,1],"18":[0,1],"19":[1,2,0,2],"20":[1,0],"21":[1,1],"22":[0,0],"23":[0,0],"24":[0,0],"25":[0,0],"26":[0,0],"27":[0,0],"28":[0,0]},"f":{"1":2,"2":2,"3":2,"4":2,"5":2,"6":2,"7":3,"8":3,"9":3,"10":1,"11":6,"12":0},"fnMap":{"1":{"name":"(anonymous_1)","line":26,"loc":{"start":{"line":26,"column":1},"end":{"line":26,"column":13}}},"2":{"name":"(anonymous_2)","line":33,"loc":{"start":{"line":33,"column":5},"end":{"line":33,"column":17}}},"3":{"name":"(anonymous_3)","line":37,"loc":{"start":{"line":37,"column":24},"end":{"line":37,"column":36}}},"4":{"name":"(anonymous_4)","line":69,"loc":{"start":{"line":69,"column":31},"end":{"line":69,"column":48}},"skip":true},"5":{"name":"(anonymous_5)","line":78,"loc":{"start":{"line":78,"column":26},"end":{"line":78,"column":45}},"skip":true},"6":{"name":"(anonymous_6)","line":123,"loc":{"start":{"line":123,"column":33},"end":{"line":123,"column":48}},"skip":true},"7":{"name":"(anonymous_7)","line":125,"loc":{"start":{"line":125,"column":27},"end":{"line":125,"column":39}},"skip":true},"8":{"name":"(anonymous_8)","line":133,"loc":{"start":{"line":133,"column":59},"end":{"line":133,"column":74}},"skip":true},"9":{"name":"(anonymous_9)","line":143,"loc":{"start":{"line":143,"column":45},"end":{"line":143,"column":62}},"skip":true},"10":{"name":"(anonymous_10)","line":144,"loc":{"start":{"line":144,"column":73},"end":{"line":144,"column":92}},"skip":true},"11":{"name":"(anonymous_11)","line":272,"loc":{"start":{"line":272,"column":51},"end":{"line":272,"column":77}},"skip":true},"12":{"name":"(anonymous_12)","line":315,"loc":{"start":{"line":315,"column":32},"end":{"line":315,"column":61}},"skip":true}},"statementMap":{"1":{"start":{"line":26,"column":0},"end":{"line":326,"column":5}},"2":{"start":{"line":28,"column":4},"end":{"line":28,"column":14}},"3":{"start":{"line":33,"column":4},"end":{"line":60,"column":9}},"4":{"start":{"line":35,"column":8},"end":{"line":35,"column":19}},"5":{"start":{"line":37,"column":8},"end":{"line":49,"column":13}},"6":{"start":{"line":38,"column":12},"end":{"line":48,"column":13}},"7":{"start":{"line":39,"column":16},"end":{"line":42,"column":30}},"8":{"start":{"line":44,"column":16},"end":{"line":47,"column":27}},"9":{"start":{"line":51,"column":8},"end":{"line":53,"column":21}},"10":{"start":{"line":55,"column":8},"end":{"line":57,"column":45}},"11":{"start":{"line":59,"column":8},"end":{"line":59,"column":35}},"12":{"start":{"line":61,"column":4},"end":{"line":325,"column":5}},"13":{"start":{"line":69,"column":8},"end":{"line":121,"column":10},"skip":true},"14":{"start":{"line":70,"column":12},"end":{"line":88,"column":13},"skip":true},"15":{"start":{"line":76,"column":16},"end":{"line":87,"column":19},"skip":true},"16":{"start":{"line":79,"column":20},"end":{"line":86,"column":21},"skip":true},"17":{"start":{"line":82,"column":24},"end":{"line":82,"column":43},"skip":true},"18":{"start":{"line":83,"column":24},"end":{"line":83,"column":30},"skip":true},"19":{"start":{"line":85,"column":24},"end":{"line":85,"column":49},"skip":true},"20":{"start":{"line":89,"column":12},"end":{"line":107,"column":13},"skip":true},"21":{"start":{"line":92,"column":16},"end":{"line":102,"column":17},"skip":true},"22":{"start":{"line":93,"column":20},"end":{"line":93,"column":86},"skip":true},"23":{"start":{"line":94,"column":20},"end":{"line":95,"column":45},"skip":true},"24":{"start":{"line":96,"column":20},"end":{"line":96,"column":42},"skip":true},"25":{"start":{"line":97,"column":20},"end":{"line":97,"column":48},"skip":true},"26":{"start":{"line":100,"column":20},"end":{"line":100,"column":85},"skip":true},"27":{"start":{"line":101,"column":20},"end":{"line":101,"column":96},"skip":true},"28":{"start":{"line":103,"column":16},"end":{"line":103,"column":22},"skip":true},"29":{"start":{"line":106,"column":16},"end":{"line":106,"column":22},"skip":true},"30":{"start":{"line":108,"column":12},"end":{"line":120,"column":13},"skip":true},"31":{"start":{"line":114,"column":16},"end":{"line":119,"column":17},"skip":true},"32":{"start":{"line":116,"column":20},"end":{"line":116,"column":78},"skip":true},"33":{"start":{"line":118,"column":20},"end":{"line":118,"column":47},"skip":true},"34":{"start":{"line":123,"column":8},"end":{"line":141,"column":11},"skip":true},"35":{"start":{"line":124,"column":12},"end":{"line":124,"column":54},"skip":true},"36":{"start":{"line":125,"column":12},"end":{"line":140,"column":14},"skip":true},"37":{"start":{"line":126,"column":16},"end":{"line":126,"column":28},"skip":true},"38":{"start":{"line":127,"column":16},"end":{"line":127,"column":69},"skip":true},"39":{"start":{"line":128,"column":16},"end":{"line":128,"column":75},"skip":true},"40":{"start":{"line":129,"column":16},"end":{"line":131,"column":17},"skip":true},"41":{"start":{"line":130,"column":20},"end":{"line":130,"column":27},"skip":true},"42":{"start":{"line":133,"column":16},"end":{"line":137,"column":36},"skip":true},"43":{"start":{"line":134,"column":20},"end":{"line":136,"column":55},"skip":true},"44":{"start":{"line":139,"column":16},"end":{"line":139,"column":57},"skip":true},"45":{"start":{"line":143,"column":8},"end":{"line":147,"column":11},"skip":true},"46":{"start":{"line":144,"column":12},"end":{"line":146,"column":15},"skip":true},"47":{"start":{"line":145,"column":16},"end":{"line":145,"column":70},"skip":true},"48":{"start":{"line":149,"column":8},"end":{"line":149,"column":31},"skip":true},"49":{"start":{"line":150,"column":8},"end":{"line":150,"column":14},"skip":true},"50":{"start":{"line":158,"column":8},"end":{"line":158,"column":31},"skip":true},"51":{"start":{"line":160,"column":8},"end":{"line":160,"column":33},"skip":true},"52":{"start":{"line":161,"column":8},"end":{"line":161,"column":37},"skip":true},"53":{"start":{"line":162,"column":8},"end":{"line":162,"column":35},"skip":true},"54":{"start":{"line":164,"column":8},"end":{"line":164,"column":50},"skip":true},"55":{"start":{"line":166,"column":8},"end":{"line":256,"column":2},"skip":true},"56":{"start":{"line":258,"column":8},"end":{"line":286,"column":9},"skip":true},"57":{"start":{"line":259,"column":12},"end":{"line":269,"column":14},"skip":true},"58":{"start":{"line":271,"column":12},"end":{"line":285,"column":19},"skip":true},"59":{"start":{"line":274,"column":20},"end":{"line":274,"column":35},"skip":true},"60":{"start":{"line":275,"column":20},"end":{"line":284,"column":21},"skip":true},"61":{"start":{"line":277,"column":24},"end":{"line":277,"column":64},"skip":true},"62":{"start":{"line":279,"column":24},"end":{"line":279,"column":40},"skip":true},"63":{"start":{"line":281,"column":24},"end":{"line":281,"column":40},"skip":true},"64":{"start":{"line":283,"column":24},"end":{"line":283,"column":39},"skip":true},"65":{"start":{"line":288,"column":8},"end":{"line":290,"column":9},"skip":true},"66":{"start":{"line":289,"column":12},"end":{"line":289,"column":18},"skip":true},"67":{"start":{"line":291,"column":8},"end":{"line":293,"column":54},"skip":true},"68":{"start":{"line":296,"column":8},"end":{"line":301,"column":37},"skip":true},"69":{"start":{"line":303,"column":8},"end":{"line":303,"column":82},"skip":true},"70":{"start":{"line":306,"column":8},"end":{"line":308,"column":9},"skip":true},"71":{"start":{"line":307,"column":12},"end":{"line":307,"column":82},"skip":true},"72":{"start":{"line":310,"column":8},"end":{"line":312,"column":9},"skip":true},"73":{"start":{"line":311,"column":12},"end":{"line":311,"column":18},"skip":true},"74":{"start":{"line":313,"column":8},"end":{"line":313,"column":54},"skip":true},"75":{"start":{"line":314,"column":8},"end":{"line":314,"column":69},"skip":true},"76":{"start":{"line":315,"column":8},"end":{"line":323,"column":36},"skip":true},"77":{"start":{"line":316,"column":12},"end":{"line":316,"column":61},"skip":true},"78":{"start":{"line":317,"column":12},"end":{"line":320,"column":13},"skip":true},"79":{"start":{"line":318,"column":16},"end":{"line":318,"column":75},"skip":true},"80":{"start":{"line":319,"column":16},"end":{"line":319,"column":23},"skip":true},"81":{"start":{"line":321,"column":12},"end":{"line":321,"column":38},"skip":true},"82":{"start":{"line":322,"column":12},"end":{"line":322,"column":27},"skip":true},"83":{"start":{"line":324,"column":8},"end":{"line":324,"column":14},"skip":true}},"branchMap":{"1":{"line":39,"type":"binary-expr","locations":[{"start":{"line":39,"column":23},"end":{"line":39,"column":62}},{"start":{"line":40,"column":20},"end":{"line":40,"column":70}},{"start":{"line":41,"column":20},"end":{"line":41,"column":71}},{"start":{"line":42,"column":20},"end":{"line":42,"column":29}}]},"2":{"line":44,"type":"binary-expr","locations":[{"start":{"line":44,"column":23},"end":{"line":44,"column":37}},{"start":{"line":45,"column":20},"end":{"line":45,"column":61}},{"start":{"line":46,"column":20},"end":{"line":46,"column":70}},{"start":{"line":47,"column":20},"end":{"line":47,"column":26}}]},"3":{"line":51,"type":"cond-expr","locations":[{"start":{"line":52,"column":14},"end":{"line":52,"column":20}},{"start":{"line":53,"column":14},"end":{"line":53,"column":20}}]},"4":{"line":55,"type":"binary-expr","locations":[{"start":{"line":55,"column":16},"end":{"line":55,"column":44}},{"start":{"line":55,"column":49},"end":{"line":57,"column":43}}]},"5":{"line":55,"type":"cond-expr","locations":[{"start":{"line":56,"column":14},"end":{"line":56,"column":52}},{"start":{"line":57,"column":14},"end":{"line":57,"column":43}}]},"6":{"line":61,"type":"switch","locations":[{"start":{"line":68,"column":4},"end":{"line":150,"column":14},"skip":true},{"start":{"line":156,"column":4},"end":{"line":324,"column":14},"skip":true}]},"7":{"line":70,"type":"if","locations":[{"start":{"line":70,"column":12},"end":{"line":70,"column":12},"skip":true},{"start":{"line":70,"column":12},"end":{"line":70,"column":12},"skip":true}]},"8":{"line":70,"type":"binary-expr","locations":[{"start":{"line":70,"column":16},"end":{"line":70,"column":22},"skip":true},{"start":{"line":70,"column":27},"end":{"line":70,"column":32},"skip":true},{"start":{"line":71,"column":20},"end":{"line":71,"column":39},"skip":true},{"start":{"line":72,"column":20},"end":{"line":72,"column":49},"skip":true},{"start":{"line":73,"column":20},"end":{"line":73,"column":58},"skip":true},{"start":{"line":74,"column":20},"end":{"line":74,"column":69},"skip":true}]},"9":{"line":79,"type":"switch","locations":[{"start":{"line":80,"column":20},"end":{"line":80,"column":33},"skip":true},{"start":{"line":81,"column":20},"end":{"line":83,"column":30},"skip":true},{"start":{"line":84,"column":20},"end":{"line":85,"column":49},"skip":true}]},"10":{"line":89,"type":"switch","locations":[{"start":{"line":90,"column":12},"end":{"line":103,"column":22},"skip":true},{"start":{"line":105,"column":12},"end":{"line":106,"column":22},"skip":true}]},"11":{"line":89,"type":"binary-expr","locations":[{"start":{"line":89,"column":20},"end":{"line":89,"column":25},"skip":true},{"start":{"line":89,"column":29},"end":{"line":89,"column":48},"skip":true},{"start":{"line":89,"column":52},"end":{"line":89,"column":74},"skip":true}]},"12":{"line":92,"type":"if","locations":[{"start":{"line":92,"column":16},"end":{"line":92,"column":16},"skip":true},{"start":{"line":92,"column":16},"end":{"line":92,"column":16},"skip":true}]},"13":{"line":108,"type":"if","locations":[{"start":{"line":108,"column":12},"end":{"line":108,"column":12},"skip":true},{"start":{"line":108,"column":12},"end":{"line":108,"column":12},"skip":true}]},"14":{"line":108,"type":"binary-expr","locations":[{"start":{"line":108,"column":16},"end":{"line":108,"column":61},"skip":true},{"start":{"line":108,"column":66},"end":{"line":108,"column":72},"skip":true},{"start":{"line":108,"column":77},"end":{"line":108,"column":82},"skip":true},{"start":{"line":109,"column":20},"end":{"line":109,"column":39},"skip":true},{"start":{"line":110,"column":20},"end":{"line":110,"column":49},"skip":true},{"start":{"line":111,"column":20},"end":{"line":111,"column":58},"skip":true},{"start":{"line":112,"column":20},"end":{"line":112,"column":68},"skip":true}]},"15":{"line":129,"type":"if","locations":[{"start":{"line":129,"column":16},"end":{"line":129,"column":16},"skip":true},{"start":{"line":129,"column":16},"end":{"line":129,"column":16},"skip":true}]},"16":{"line":134,"type":"cond-expr","locations":[{"start":{"line":135,"column":26},"end":{"line":135,"column":29},"skip":true},{"start":{"line":136,"column":26},"end":{"line":136,"column":54},"skip":true}]},"17":{"line":164,"type":"binary-expr","locations":[{"start":{"line":164,"column":27},"end":{"line":164,"column":43},"skip":true},{"start":{"line":164,"column":47},"end":{"line":164,"column":49},"skip":true}]},"18":{"line":258,"type":"if","locations":[{"start":{"line":258,"column":8},"end":{"line":258,"column":8},"skip":true},{"start":{"line":258,"column":8},"end":{"line":258,"column":8},"skip":true}]},"19":{"line":275,"type":"switch","locations":[{"start":{"line":276,"column":20},"end":{"line":277,"column":64},"skip":true},{"start":{"line":278,"column":20},"end":{"line":279,"column":40},"skip":true},{"start":{"line":280,"column":20},"end":{"line":281,"column":40},"skip":true},{"start":{"line":282,"column":20},"end":{"line":283,"column":39},"skip":true}]},"20":{"line":288,"type":"if","locations":[{"start":{"line":288,"column":8},"end":{"line":288,"column":8},"skip":true},{"start":{"line":288,"column":8},"end":{"line":288,"column":8},"skip":true}]},"21":{"line":288,"type":"binary-expr","locations":[{"start":{"line":288,"column":12},"end":{"line":288,"column":40},"skip":true},{"start":{"line":288,"column":44},"end":{"line":288,"column":67},"skip":true}]},"22":{"line":292,"type":"binary-expr","locations":[{"start":{"line":292,"column":12},"end":{"line":292,"column":50},"skip":true},{"start":{"line":293,"column":12},"end":{"line":293,"column":53},"skip":true}]},"23":{"line":297,"type":"binary-expr","locations":[{"start":{"line":297,"column":12},"end":{"line":297,"column":66},"skip":true},{"start":{"line":298,"column":12},"end":{"line":301,"column":36},"skip":true}]},"24":{"line":303,"type":"binary-expr","locations":[{"start":{"line":303,"column":43},"end":{"line":303,"column":75},"skip":true},{"start":{"line":303,"column":79},"end":{"line":303,"column":81},"skip":true}]},"25":{"line":306,"type":"if","locations":[{"start":{"line":306,"column":8},"end":{"line":306,"column":8},"skip":true},{"start":{"line":306,"column":8},"end":{"line":306,"column":8},"skip":true}]},"26":{"line":310,"type":"if","locations":[{"start":{"line":310,"column":8},"end":{"line":310,"column":8},"skip":true},{"start":{"line":310,"column":8},"end":{"line":310,"column":8},"skip":true}]},"27":{"line":313,"type":"binary-expr","locations":[{"start":{"line":313,"column":27},"end":{"line":313,"column":43},"skip":true},{"start":{"line":313,"column":47},"end":{"line":313,"column":53},"skip":true}]},"28":{"line":317,"type":"if","locations":[{"start":{"line":317,"column":12},"end":{"line":317,"column":12},"skip":true},{"start":{"line":317,"column":12},"end":{"line":317,"column":12},"skip":true}]}},"code":["/*","example.js","","quickstart example","","instruction","    1. save this script as example.js","    2. run the shell command:","        $ npm install npmtest-api-easy && PORT=8081 node example.js","    3. play with the browser-demo on http://127.0.0.1:8081","*/","","","","/* istanbul instrument in package npmtest_api_easy */","/*jslint","    bitwise: true,","    browser: true,","    maxerr: 8,","    maxlen: 96,","    node: true,","    nomen: true,","    regexp: true,","    stupid: true","*/","(function () {","    'use strict';","    var local;","","","","    // run shared js-env code - pre-init","    (function () {","        // init local","        local = {};","        // init modeJs","        local.modeJs = (function () {","            try {","                return typeof navigator.userAgent === 'string' &&","                    typeof document.querySelector('body') === 'object' &&","                    typeof XMLHttpRequest.prototype.open === 'function' &&","                    'browser';","            } catch (errorCaughtBrowser) {","                return module.exports &&","                    typeof process.versions.node === 'string' &&","                    typeof require('http').createServer === 'function' &&","                    'node';","            }","        }());","        // init global","        local.global = local.modeJs === 'browser'","            ? window","            : global;","        // init utility2_rollup","        local = local.global.utility2_rollup || (local.modeJs === 'browser'","            ? local.global.utility2_npmtest_api_easy","            : global.utility2_moduleExports);","        // export local","        local.global.local = local;","    }());","    switch (local.modeJs) {","","","","    // post-init","    // run browser js-env code - post-init","    /* istanbul ignore next */","    case 'browser':","        local.testRunBrowser = function (event) {","            if (!event || (event &&","                    event.currentTarget &&","                    event.currentTarget.className &&","                    event.currentTarget.className.includes &&","                    event.currentTarget.className.includes('onreset'))) {","                // reset output","                Array.from(","                    document.querySelectorAll('body > .resettable')","                ).forEach(function (element) {","                    switch (element.tagName) {","                    case 'INPUT':","                    case 'TEXTAREA':","                        element.value = '';","                        break;","                    default:","                        element.textContent = '';","                    }","                });","            }","            switch (event && event.currentTarget && event.currentTarget.id) {","            case 'testRunButton1':","                // show tests","                if (document.querySelector('#testReportDiv1').style.display === 'none') {","                    document.querySelector('#testReportDiv1').style.display = 'block';","                    document.querySelector('#testRunButton1').textContent =","                        'hide internal test';","                    local.modeTest = true;","                    local.testRunDefault(local);","                // hide tests","                } else {","                    document.querySelector('#testReportDiv1').style.display = 'none';","                    document.querySelector('#testRunButton1').textContent = 'run internal test';","                }","                break;","            // custom-case","            default:","                break;","            }","            if (document.querySelector('#inputTextareaEval1') && (!event || (event &&","                    event.currentTarget &&","                    event.currentTarget.className &&","                    event.currentTarget.className.includes &&","                    event.currentTarget.className.includes('oneval')))) {","                // try to eval input-code","                try {","                    /*jslint evil: true*/","                    eval(document.querySelector('#inputTextareaEval1').value);","                } catch (errorCaught) {","                    console.error(errorCaught);","                }","            }","        };","        // log stderr and stdout to #outputTextareaStdout1","        ['error', 'log'].forEach(function (key) {","            console[key + '_original'] = console[key];","            console[key] = function () {","                var element;","                console[key + '_original'].apply(console, arguments);","                element = document.querySelector('#outputTextareaStdout1');","                if (!element) {","                    return;","                }","                // append text to #outputTextareaStdout1","                element.value += Array.from(arguments).map(function (arg) {","                    return typeof arg === 'string'","                        ? arg","                        : JSON.stringify(arg, null, 4);","                }).join(' ') + '\\n';","                // scroll textarea to bottom","                element.scrollTop = element.scrollHeight;","            };","        });","        // init event-handling","        ['change', 'click', 'keyup'].forEach(function (event) {","            Array.from(document.querySelectorAll('.on' + event)).forEach(function (element) {","                element.addEventListener(event, local.testRunBrowser);","            });","        });","        // run tests","        local.testRunBrowser();","        break;","","","","    // run node js-env code - post-init","    /* istanbul ignore next */","    case 'node':","        // export local","        module.exports = local;","        // require modules","        local.fs = require('fs');","        local.http = require('http');","        local.url = require('url');","        // init assets","        local.assetsDict = local.assetsDict || {};","        /* jslint-ignore-begin */","        local.assetsDict['/assets.index.template.html'] = '\\","<!doctype html>\\n\\","<html lang=\"en\">\\n\\","<head>\\n\\","<meta charset=\"UTF-8\">\\n\\","<meta name=\"viewport\" content=\"width=device-width, initial-scale=1\">\\n\\","<title>{{env.npm_package_name}} (v{{env.npm_package_version}})</title>\\n\\","<style>\\n\\","/*csslint\\n\\","    box-sizing: false,\\n\\","    universal-selector: false\\n\\","*/\\n\\","* {\\n\\","    box-sizing: border-box;\\n\\","}\\n\\","body {\\n\\","    background: #dde;\\n\\","    font-family: Arial, Helvetica, sans-serif;\\n\\","    margin: 2rem;\\n\\","}\\n\\","body > * {\\n\\","    margin-bottom: 1rem;\\n\\","}\\n\\",".utility2FooterDiv {\\n\\","    margin-top: 20px;\\n\\","    text-align: center;\\n\\","}\\n\\","</style>\\n\\","<style>\\n\\","/*csslint\\n\\","*/\\n\\","textarea {\\n\\","    font-family: monospace;\\n\\","    height: 10rem;\\n\\","    width: 100%;\\n\\","}\\n\\","textarea[readonly] {\\n\\","    background: #ddd;\\n\\","}\\n\\","</style>\\n\\","</head>\\n\\","<body>\\n\\","<!-- utility2-comment\\n\\","<div id=\"ajaxProgressDiv1\" style=\"background: #d00; height: 2px; left: 0; margin: 0; padding: 0; position: fixed; top: 0; transition: background 0.5s, width 1.5s; width: 25%;\"></div>\\n\\","utility2-comment -->\\n\\","<h1>\\n\\","<!-- utility2-comment\\n\\","    <a\\n\\","        {{#if env.npm_package_homepage}}\\n\\","        href=\"{{env.npm_package_homepage}}\"\\n\\","        {{/if env.npm_package_homepage}}\\n\\","        target=\"_blank\"\\n\\","    >\\n\\","utility2-comment -->\\n\\","        {{env.npm_package_name}} (v{{env.npm_package_version}})\\n\\","<!-- utility2-comment\\n\\","    </a>\\n\\","utility2-comment -->\\n\\","</h1>\\n\\","<h3>{{env.npm_package_description}}</h3>\\n\\","<!-- utility2-comment\\n\\","<h4><a download href=\"assets.app.js\">download standalone app</a></h4>\\n\\","<button class=\"onclick onreset\" id=\"testRunButton1\">run internal test</button><br>\\n\\","<div id=\"testReportDiv1\" style=\"display: none;\"></div>\\n\\","utility2-comment -->\\n\\","\\n\\","\\n\\","\\n\\","<label>stderr and stdout</label>\\n\\","<textarea class=\"resettable\" id=\"outputTextareaStdout1\" readonly></textarea>\\n\\","<!-- utility2-comment\\n\\","{{#if isRollup}}\\n\\","<script src=\"assets.app.js\"></script>\\n\\","{{#unless isRollup}}\\n\\","utility2-comment -->\\n\\","<script src=\"assets.utility2.rollup.js\"></script>\\n\\","<script src=\"jsonp.utility2._stateInit?callback=window.utility2._stateInit\"></script>\\n\\","<script src=\"assets.npmtest_api_easy.rollup.js\"></script>\\n\\","<script src=\"assets.example.js\"></script>\\n\\","<script src=\"assets.test.js\"></script>\\n\\","<!-- utility2-comment\\n\\","{{/if isRollup}}\\n\\","utility2-comment -->\\n\\","<div class=\"utility2FooterDiv\">\\n\\","    [ this app was created with\\n\\","    <a href=\"https://github.com/kaizhu256/node-utility2\" target=\"_blank\">utility2</a>\\n\\","    ]\\n\\","</div>\\n\\","</body>\\n\\","</html>\\n\\","';","        /* jslint-ignore-end */","        if (local.templateRender) {","            local.assetsDict['/'] = local.templateRender(","                local.assetsDict['/assets.index.template.html'],","                {","                    env: local.objectSetDefault(local.env, {","                        npm_package_description: 'the greatest app in the world!',","                        npm_package_name: 'my-app',","                        npm_package_nameAlias: 'my_app',","                        npm_package_version: '0.0.1'","                    })","                }","            );","        } else {","            local.assetsDict['/'] = local.assetsDict['/assets.index.template.html']","                .replace((/\\{\\{env\\.(\\w+?)\\}\\}/g), function (match0, match1) {","                    // jslint-hack","                    String(match0);","                    switch (match1) {","                    case 'npm_package_description':","                        return 'the greatest app in the world!';","                    case 'npm_package_name':","                        return 'my-app';","                    case 'npm_package_nameAlias':","                        return 'my_app';","                    case 'npm_package_version':","                        return '0.0.1';","                    }","                });","        }","        // run the cli","        if (local.global.utility2_rollup || module !== require.main) {","            break;","        }","        local.assetsDict['/assets.example.js'] =","            local.assetsDict['/assets.example.js'] ||","            local.fs.readFileSync(__filename, 'utf8');","        // bug-workaround - long $npm_package_buildCustomOrg","        /* jslint-ignore-begin */","        local.assetsDict['/assets.npmtest_api_easy.rollup.js'] =","            local.assetsDict['/assets.npmtest_api_easy.rollup.js'] ||","            local.fs.readFileSync(","                local.npmtest_api_easy.__dirname + '/lib.npmtest_api_easy.js',","                'utf8'","            ).replace((/^#!/), '//');","        /* jslint-ignore-end */","        local.assetsDict['/favicon.ico'] = local.assetsDict['/favicon.ico'] || '';","        // if $npm_config_timeout_exit exists,","        // then exit this process after $npm_config_timeout_exit ms","        if (Number(process.env.npm_config_timeout_exit)) {","            setTimeout(process.exit, Number(process.env.npm_config_timeout_exit));","        }","        // start server","        if (local.global.utility2_serverHttp1) {","            break;","        }","        process.env.PORT = process.env.PORT || '8081';","        console.error('server starting on port ' + process.env.PORT);","        local.http.createServer(function (request, response) {","            request.urlParsed = local.url.parse(request.url);","            if (local.assetsDict[request.urlParsed.pathname] !== undefined) {","                response.end(local.assetsDict[request.urlParsed.pathname]);","                return;","            }","            response.statusCode = 404;","            response.end();","        }).listen(process.env.PORT);","        break;","    }","}());",""],"l":{"26":2,"28":2,"33":2,"35":2,"37":2,"38":2,"39":2,"44":1,"51":2,"55":2,"59":2,"61":2,"69":1,"70":2,"76":2,"79":2,"82":2,"83":2,"85":1,"89":2,"92":1,"93":1,"94":1,"96":1,"97":1,"100":1,"101":1,"103":1,"106":1,"108":2,"114":1,"116":1,"118":1,"123":1,"124":2,"125":2,"126":3,"127":3,"128":3,"129":3,"130":1,"133":3,"134":3,"139":3,"143":1,"144":3,"145":1,"149":1,"150":1,"158":1,"160":1,"161":1,"162":1,"164":1,"166":1,"258":1,"259":1,"271":1,"274":6,"275":6,"277":1,"279":2,"281":1,"283":2,"288":1,"289":1,"291":1,"296":1,"303":1,"306":1,"307":1,"310":1,"311":1,"313":1,"314":1,"315":1,"316":1,"317":1,"318":1,"319":1,"321":1,"322":1,"324":1}},"/home/travis/build/npmtest/node-npmtest-api-easy/node_modules/api-easy/lib/api-easy.js":{"path":"/home/travis/build/npmtest/node-npmtest-api-easy/node_modules/api-easy/lib/api-easy.js","s":{"1":1,"2":1,"3":1,"4":0,"5":0,"6":0,"7":0,"8":0,"9":0,"10":0,"11":0,"12":0,"13":0,"14":0,"15":0,"16":0,"17":0,"18":0,"19":0,"20":0,"21":0,"22":0,"23":0,"24":0,"25":0,"26":0,"27":0,"28":0,"29":0,"30":0,"31":0,"32":0,"33":0,"34":0,"35":0,"36":0,"37":0,"38":0,"39":0,"40":0,"41":0,"42":0,"43":0,"44":0,"45":0,"46":0,"47":0,"48":0,"49":0,"50":0,"51":0,"52":0,"53":0,"54":0,"55":0,"56":0,"57":0,"58":0,"59":0,"60":0,"61":0,"62":0,"63":0,"64":0,"65":0,"66":0,"67":0,"68":0,"69":0,"70":0,"71":0,"72":0,"73":0,"74":0,"75":0,"76":0,"77":0,"78":0,"79":0,"80":0,"81":0,"82":0,"83":0,"84":0,"85":0,"86":0,"87":0,"88":0,"89":0,"90":0,"91":0,"92":0,"93":0,"94":0,"95":0,"96":0,"97":0,"98":0,"99":0,"100":0,"101":0,"102":0,"103":0,"104":0,"105":0,"106":0,"107":0,"108":0,"109":0,"110":0,"111":0,"112":0,"113":0,"114":0,"115":0,"116":0,"117":0,"118":0,"119":0,"120":0,"121":0,"122":0,"123":0,"124":0,"125":0,"126":0,"127":0,"128":0,"129":0,"130":0,"131":0,"132":0,"133":0,"134":0,"135":0,"136":0,"137":0,"138":0,"139":0,"140":0,"141":0,"142":0,"143":0,"144":0,"145":0,"146":0,"147":0,"148":0,"149":0,"150":0,"151":0,"152":0,"153":1,"154":0,"155":0,"156":0,"157":0,"158":0,"159":0,"160":1,"161":0,"162":0},"b":{"1":[0,0],"2":[0,0],"3":[0,0],"4":[0,0],"5":[0,0],"6":[0,0],"7":[0,0],"8":[0,0],"9":[0,0],"10":[0,0,0,0],"11":[0,0],"12":[0,0,0,0],"13":[0,0],"14":[0,0],"15":[0,0],"16":[0,0],"17":[0,0],"18":[0,0],"19":[0,0],"20":[0,0],"21":[0,0],"22":[0,0],"23":[0,0],"24":[0,0],"25":[0,0],"26":[0,0],"27":[0,0],"28":[0,0],"29":[0,0],"30":[0,0],"31":[0,0],"32":[0,0],"33":[0,0],"34":[0,0],"35":[0,0],"36":[0,0],"37":[0,0],"38":[0,0],"39":[0,0]},"f":{"1":0,"2":0,"3":0,"4":0,"5":0,"6":0,"7":0,"8":0,"9":0,"10":0,"11":0,"12":0,"13":0,"14":0,"15":0,"16":0,"17":0,"18":0,"19":0,"20":0,"21":0,"22":0,"23":0,"24":0,"25":0,"26":0,"27":0,"28":0,"29":0,"30":0,"31":0,"32":0,"33":0,"34":0,"35":0,"36":0,"37":0,"38":0,"39":0,"40":0,"41":0,"42":0,"43":0,"44":0,"45":0,"46":0,"47":0},"fnMap":{"1":{"name":"(anonymous_1)","line":28,"loc":{"start":{"line":28,"column":19},"end":{"line":28,"column":35}}},"2":{"name":"(anonymous_2)","line":74,"loc":{"start":{"line":74,"column":13},"end":{"line":74,"column":29}}},"3":{"name":"(anonymous_3)","line":78,"loc":{"start":{"line":78,"column":15},"end":{"line":78,"column":33}}},"4":{"name":"(anonymous_4)","line":89,"loc":{"start":{"line":89,"column":9},"end":{"line":89,"column":47}}},"5":{"name":"(anonymous_5)","line":109,"loc":{"start":{"line":109,"column":18},"end":{"line":109,"column":48}}},"6":{"name":"(anonymous_6)","line":113,"loc":{"start":{"line":113,"column":20},"end":{"line":113,"column":32}}},"7":{"name":"(anonymous_7)","line":122,"loc":{"start":{"line":122,"column":16},"end":{"line":122,"column":35}}},"8":{"name":"(anonymous_8)","line":126,"loc":{"start":{"line":126,"column":15},"end":{"line":126,"column":37}}},"9":{"name":"(anonymous_9)","line":130,"loc":{"start":{"line":130,"column":15},"end":{"line":130,"column":30}}},"10":{"name":"(anonymous_10)","line":133,"loc":{"start":{"line":133,"column":18},"end":{"line":133,"column":40}}},"11":{"name":"(anonymous_11)","line":144,"loc":{"start":{"line":144,"column":10},"end":{"line":144,"column":25}}},"12":{"name":"(anonymous_12)","line":148,"loc":{"start":{"line":148,"column":12},"end":{"line":148,"column":30}}},"13":{"name":"(anonymous_13)","line":153,"loc":{"start":{"line":153,"column":10},"end":{"line":153,"column":26}}},"14":{"name":"(anonymous_14)","line":165,"loc":{"start":{"line":165,"column":12},"end":{"line":165,"column":32}}},"15":{"name":"(anonymous_15)","line":169,"loc":{"start":{"line":169,"column":14},"end":{"line":169,"column":30}}},"16":{"name":"(anonymous_16)","line":185,"loc":{"start":{"line":185,"column":9},"end":{"line":185,"column":40}}},"17":{"name":"(anonymous_17)","line":190,"loc":{"start":{"line":190,"column":10},"end":{"line":190,"column":47}}},"18":{"name":"(anonymous_18)","line":194,"loc":{"start":{"line":194,"column":9},"end":{"line":194,"column":46}}},"19":{"name":"(anonymous_19)","line":198,"loc":{"start":{"line":198,"column":11},"end":{"line":198,"column":48}}},"20":{"name":"(anonymous_20)","line":203,"loc":{"start":{"line":203,"column":9},"end":{"line":203,"column":46}}},"21":{"name":"(anonymous_21)","line":207,"loc":{"start":{"line":207,"column":10},"end":{"line":207,"column":41}}},"22":{"name":"(anonymous_22)","line":212,"loc":{"start":{"line":212,"column":16},"end":{"line":212,"column":69}}},"23":{"name":"(anonymous_23)","line":218,"loc":{"start":{"line":218,"column":16},"end":{"line":218,"column":46}}},"24":{"name":"(anonymous_24)","line":223,"loc":{"start":{"line":223,"column":33},"end":{"line":223,"column":58}}},"25":{"name":"(anonymous_25)","line":226,"loc":{"start":{"line":226,"column":41},"end":{"line":226,"column":54}}},"26":{"name":"(anonymous_26)","line":257,"loc":{"start":{"line":257,"column":12},"end":{"line":257,"column":58}}},"27":{"name":"(anonymous_27)","line":261,"loc":{"start":{"line":261,"column":19},"end":{"line":261,"column":34}}},"28":{"name":"(anonymous_28)","line":280,"loc":{"start":{"line":280,"column":24},"end":{"line":280,"column":50}}},"29":{"name":"(anonymous_29)","line":288,"loc":{"start":{"line":288,"column":49},"end":{"line":288,"column":75}}},"30":{"name":"(anonymous_30)","line":296,"loc":{"start":{"line":296,"column":84},"end":{"line":296,"column":110}}},"31":{"name":"(anonymous_31)","line":314,"loc":{"start":{"line":314,"column":20},"end":{"line":314,"column":38}}},"32":{"name":"(anonymous_32)","line":318,"loc":{"start":{"line":318,"column":18},"end":{"line":318,"column":33}}},"33":{"name":"(anonymous_33)","line":334,"loc":{"start":{"line":334,"column":10},"end":{"line":334,"column":22}}},"34":{"name":"(anonymous_34)","line":355,"loc":{"start":{"line":355,"column":12},"end":{"line":355,"column":30}}},"35":{"name":"(anonymous_35)","line":363,"loc":{"start":{"line":363,"column":14},"end":{"line":363,"column":32}}},"36":{"name":"(anonymous_36)","line":366,"loc":{"start":{"line":366,"column":9},"end":{"line":366,"column":38}}},"37":{"name":"(anonymous_37)","line":383,"loc":{"start":{"line":383,"column":15},"end":{"line":383,"column":27}}},"38":{"name":"(anonymous_38)","line":394,"loc":{"start":{"line":394,"column":36},"end":{"line":394,"column":58}}},"39":{"name":"(anonymous_39)","line":396,"loc":{"start":{"line":396,"column":35},"end":{"line":396,"column":47}}},"40":{"name":"(anonymous_40)","line":413,"loc":{"start":{"line":413,"column":14},"end":{"line":413,"column":58}}},"41":{"name":"(anonymous_41)","line":483,"loc":{"start":{"line":483,"column":15},"end":{"line":483,"column":27}}},"42":{"name":"(anonymous_42)","line":490,"loc":{"start":{"line":490,"column":44},"end":{"line":490,"column":60}}},"43":{"name":"(anonymous_43)","line":518,"loc":{"start":{"line":518,"column":18},"end":{"line":518,"column":34}}},"44":{"name":"(anonymous_44)","line":522,"loc":{"start":{"line":522,"column":30},"end":{"line":522,"column":46}}},"45":{"name":"clone","line":542,"loc":{"start":{"line":542,"column":0},"end":{"line":542,"column":21}}},"46":{"name":"distillPath","line":564,"loc":{"start":{"line":564,"column":0},"end":{"line":564,"column":29}}},"47":{"name":"(anonymous_47)","line":565,"loc":{"start":{"line":565,"column":25},"end":{"line":565,"column":38}}}},"statementMap":{"1":{"start":{"line":8,"column":0},"end":{"line":13,"column":27}},"2":{"start":{"line":18,"column":0},"end":{"line":18,"column":53}},"3":{"start":{"line":28,"column":0},"end":{"line":534,"column":2}},"4":{"start":{"line":29,"column":2},"end":{"line":533,"column":4}},"5":{"start":{"line":75,"column":6},"end":{"line":75,"column":33}},"6":{"start":{"line":76,"column":6},"end":{"line":76,"column":18}},"7":{"start":{"line":79,"column":6},"end":{"line":79,"column":27}},"8":{"start":{"line":80,"column":6},"end":{"line":80,"column":50}},"9":{"start":{"line":81,"column":6},"end":{"line":81,"column":18}},"10":{"start":{"line":90,"column":6},"end":{"line":92,"column":25}},"11":{"start":{"line":94,"column":6},"end":{"line":94,"column":40}},"12":{"start":{"line":95,"column":6},"end":{"line":95,"column":31}},"13":{"start":{"line":96,"column":6},"end":{"line":96,"column":44}},"14":{"start":{"line":97,"column":6},"end":{"line":97,"column":33}},"15":{"start":{"line":104,"column":6},"end":{"line":104,"column":18}},"16":{"start":{"line":110,"column":6},"end":{"line":110,"column":68}},"17":{"start":{"line":111,"column":6},"end":{"line":111,"column":18}},"18":{"start":{"line":114,"column":6},"end":{"line":114,"column":23}},"19":{"start":{"line":115,"column":6},"end":{"line":115,"column":18}},"20":{"start":{"line":123,"column":6},"end":{"line":123,"column":38}},"21":{"start":{"line":124,"column":6},"end":{"line":124,"column":18}},"22":{"start":{"line":127,"column":6},"end":{"line":127,"column":41}},"23":{"start":{"line":128,"column":6},"end":{"line":128,"column":18}},"24":{"start":{"line":131,"column":6},"end":{"line":131,"column":40}},"25":{"start":{"line":134,"column":6},"end":{"line":134,"column":40}},"26":{"start":{"line":135,"column":6},"end":{"line":135,"column":18}},"27":{"start":{"line":145,"column":6},"end":{"line":145,"column":52}},"28":{"start":{"line":146,"column":6},"end":{"line":146,"column":18}},"29":{"start":{"line":149,"column":6},"end":{"line":149,"column":27}},"30":{"start":{"line":150,"column":6},"end":{"line":150,"column":45}},"31":{"start":{"line":151,"column":6},"end":{"line":151,"column":18}},"32":{"start":{"line":154,"column":6},"end":{"line":154,"column":26}},"33":{"start":{"line":155,"column":6},"end":{"line":155,"column":18}},"34":{"start":{"line":166,"column":6},"end":{"line":166,"column":30}},"35":{"start":{"line":167,"column":6},"end":{"line":167,"column":18}},"36":{"start":{"line":170,"column":6},"end":{"line":170,"column":32}},"37":{"start":{"line":171,"column":6},"end":{"line":171,"column":18}},"38":{"start":{"line":186,"column":6},"end":{"line":186,"column":55}},"39":{"start":{"line":187,"column":6},"end":{"line":187,"column":31}},"40":{"start":{"line":188,"column":6},"end":{"line":188,"column":61}},"41":{"start":{"line":191,"column":6},"end":{"line":191,"column":55}},"42":{"start":{"line":192,"column":6},"end":{"line":192,"column":62}},"43":{"start":{"line":195,"column":6},"end":{"line":195,"column":55}},"44":{"start":{"line":196,"column":6},"end":{"line":196,"column":61}},"45":{"start":{"line":199,"column":6},"end":{"line":199,"column":55}},"46":{"start":{"line":200,"column":6},"end":{"line":200,"column":66}},"47":{"start":{"line":201,"column":6},"end":{"line":201,"column":17}},"48":{"start":{"line":204,"column":6},"end":{"line":204,"column":55}},"49":{"start":{"line":205,"column":6},"end":{"line":205,"column":64}},"50":{"start":{"line":208,"column":6},"end":{"line":208,"column":55}},"51":{"start":{"line":209,"column":6},"end":{"line":209,"column":31}},"52":{"start":{"line":210,"column":6},"end":{"line":210,"column":62}},"53":{"start":{"line":213,"column":6},"end":{"line":217,"column":45}},"54":{"start":{"line":218,"column":6},"end":{"line":244,"column":9}},"55":{"start":{"line":223,"column":8},"end":{"line":243,"column":11}},"56":{"start":{"line":224,"column":10},"end":{"line":224,"column":50}},"57":{"start":{"line":225,"column":10},"end":{"line":233,"column":11}},"58":{"start":{"line":226,"column":12},"end":{"line":232,"column":15}},"59":{"start":{"line":227,"column":14},"end":{"line":227,"column":39}},"60":{"start":{"line":228,"column":14},"end":{"line":231,"column":17}},"61":{"start":{"line":235,"column":10},"end":{"line":240,"column":13}},"62":{"start":{"line":242,"column":10},"end":{"line":242,"column":38}},"63":{"start":{"line":246,"column":6},"end":{"line":246,"column":62}},"64":{"start":{"line":258,"column":6},"end":{"line":259,"column":44}},"65":{"start":{"line":261,"column":6},"end":{"line":268,"column":9}},"66":{"start":{"line":262,"column":8},"end":{"line":267,"column":9}},"67":{"start":{"line":263,"column":25},"end":{"line":263,"column":36}},"68":{"start":{"line":263,"column":37},"end":{"line":263,"column":43}},"69":{"start":{"line":264,"column":25},"end":{"line":264,"column":36}},"70":{"start":{"line":264,"column":37},"end":{"line":264,"column":43}},"71":{"start":{"line":265,"column":25},"end":{"line":265,"column":38}},"72":{"start":{"line":265,"column":39},"end":{"line":265,"column":45}},"73":{"start":{"line":266,"column":27},"end":{"line":266,"column":38}},"74":{"start":{"line":266,"column":39},"end":{"line":266,"column":45}},"75":{"start":{"line":270,"column":6},"end":{"line":270,"column":48}},"76":{"start":{"line":274,"column":6},"end":{"line":276,"column":7}},"77":{"start":{"line":275,"column":8},"end":{"line":275,"column":76}},"78":{"start":{"line":279,"column":6},"end":{"line":284,"column":7}},"79":{"start":{"line":280,"column":8},"end":{"line":283,"column":10}},"80":{"start":{"line":281,"column":10},"end":{"line":281,"column":29}},"81":{"start":{"line":282,"column":10},"end":{"line":282,"column":41}},"82":{"start":{"line":287,"column":6},"end":{"line":292,"column":7}},"83":{"start":{"line":288,"column":8},"end":{"line":291,"column":10}},"84":{"start":{"line":289,"column":10},"end":{"line":289,"column":29}},"85":{"start":{"line":290,"column":10},"end":{"line":290,"column":45}},"86":{"start":{"line":295,"column":6},"end":{"line":305,"column":7}},"87":{"start":{"line":296,"column":8},"end":{"line":304,"column":10}},"88":{"start":{"line":301,"column":10},"end":{"line":301,"column":29}},"89":{"start":{"line":302,"column":10},"end":{"line":302,"column":44}},"90":{"start":{"line":303,"column":10},"end":{"line":303,"column":47}},"91":{"start":{"line":307,"column":6},"end":{"line":307,"column":18}},"92":{"start":{"line":315,"column":6},"end":{"line":315,"column":44}},"93":{"start":{"line":316,"column":6},"end":{"line":316,"column":18}},"94":{"start":{"line":319,"column":6},"end":{"line":319,"column":39}},"95":{"start":{"line":320,"column":6},"end":{"line":320,"column":18}},"96":{"start":{"line":335,"column":6},"end":{"line":335,"column":38}},"97":{"start":{"line":336,"column":6},"end":{"line":336,"column":36}},"98":{"start":{"line":337,"column":6},"end":{"line":337,"column":22}},"99":{"start":{"line":338,"column":6},"end":{"line":338,"column":24}},"100":{"start":{"line":339,"column":6},"end":{"line":339,"column":18}},"101":{"start":{"line":356,"column":6},"end":{"line":358,"column":7}},"102":{"start":{"line":357,"column":8},"end":{"line":357,"column":20}},"103":{"start":{"line":360,"column":6},"end":{"line":360,"column":32}},"104":{"start":{"line":361,"column":6},"end":{"line":361,"column":18}},"105":{"start":{"line":364,"column":6},"end":{"line":364,"column":33}},"106":{"start":{"line":367,"column":6},"end":{"line":369,"column":7}},"107":{"start":{"line":368,"column":8},"end":{"line":368,"column":20}},"108":{"start":{"line":371,"column":6},"end":{"line":374,"column":7}},"109":{"start":{"line":372,"column":8},"end":{"line":372,"column":27}},"110":{"start":{"line":373,"column":8},"end":{"line":373,"column":21}},"111":{"start":{"line":376,"column":6},"end":{"line":376,"column":40}},"112":{"start":{"line":377,"column":6},"end":{"line":377,"column":18}},"113":{"start":{"line":384,"column":6},"end":{"line":386,"column":7}},"114":{"start":{"line":385,"column":8},"end":{"line":385,"column":20}},"115":{"start":{"line":392,"column":6},"end":{"line":392,"column":22}},"116":{"start":{"line":394,"column":6},"end":{"line":400,"column":9}},"117":{"start":{"line":395,"column":8},"end":{"line":399,"column":9}},"118":{"start":{"line":396,"column":10},"end":{"line":398,"column":11}},"119":{"start":{"line":397,"column":12},"end":{"line":397,"column":59}},"120":{"start":{"line":402,"column":6},"end":{"line":402,"column":55}},"121":{"start":{"line":403,"column":6},"end":{"line":403,"column":18}},"122":{"start":{"line":414,"column":6},"end":{"line":426,"column":27}},"123":{"start":{"line":432,"column":6},"end":{"line":432,"column":73}},"124":{"start":{"line":439,"column":6},"end":{"line":441,"column":7}},"125":{"start":{"line":440,"column":8},"end":{"line":440,"column":46}},"126":{"start":{"line":450,"column":6},"end":{"line":460,"column":7}},"127":{"start":{"line":451,"column":8},"end":{"line":459,"column":9}},"128":{"start":{"line":452,"column":10},"end":{"line":452,"column":45}},"129":{"start":{"line":454,"column":13},"end":{"line":459,"column":9}},"130":{"start":{"line":455,"column":10},"end":{"line":455,"column":47}},"131":{"start":{"line":458,"column":10},"end":{"line":458,"column":31}},"132":{"start":{"line":466,"column":6},"end":{"line":466,"column":58}},"133":{"start":{"line":467,"column":6},"end":{"line":467,"column":55}},"134":{"start":{"line":468,"column":6},"end":{"line":468,"column":49}},"135":{"start":{"line":469,"column":6},"end":{"line":469,"column":31}},"136":{"start":{"line":475,"column":6},"end":{"line":475,"column":74}},"137":{"start":{"line":476,"column":6},"end":{"line":476,"column":36}},"138":{"start":{"line":482,"column":6},"end":{"line":499,"column":8}},"139":{"start":{"line":490,"column":10},"end":{"line":492,"column":13}},"140":{"start":{"line":491,"column":12},"end":{"line":491,"column":52}},"141":{"start":{"line":494,"column":10},"end":{"line":497,"column":45}},"142":{"start":{"line":495,"column":12},"end":{"line":495,"column":49}},"143":{"start":{"line":497,"column":12},"end":{"line":497,"column":45}},"144":{"start":{"line":506,"column":6},"end":{"line":506,"column":54}},"145":{"start":{"line":507,"column":6},"end":{"line":507,"column":58}},"146":{"start":{"line":509,"column":6},"end":{"line":509,"column":18}},"147":{"start":{"line":519,"column":6},"end":{"line":519,"column":28}},"148":{"start":{"line":522,"column":6},"end":{"line":529,"column":9}},"149":{"start":{"line":523,"column":8},"end":{"line":525,"column":9}},"150":{"start":{"line":524,"column":10},"end":{"line":524,"column":26}},"151":{"start":{"line":528,"column":8},"end":{"line":528,"column":26}},"152":{"start":{"line":531,"column":6},"end":{"line":531,"column":38}},"153":{"start":{"line":542,"column":0},"end":{"line":554,"column":1}},"154":{"start":{"line":543,"column":2},"end":{"line":543,"column":16}},"155":{"start":{"line":544,"column":2},"end":{"line":551,"column":3}},"156":{"start":{"line":545,"column":4},"end":{"line":550,"column":5}},"157":{"start":{"line":546,"column":6},"end":{"line":546,"column":32}},"158":{"start":{"line":549,"column":6},"end":{"line":549,"column":66}},"159":{"start":{"line":553,"column":2},"end":{"line":553,"column":14}},"160":{"start":{"line":564,"column":0},"end":{"line":568,"column":1}},"161":{"start":{"line":565,"column":2},"end":{"line":567,"column":15}},"162":{"start":{"line":566,"column":4},"end":{"line":566,"column":49}}},"branchMap":{"1":{"line":79,"type":"binary-expr","locations":[{"start":{"line":79,"column":15},"end":{"line":79,"column":21}},{"start":{"line":79,"column":25},"end":{"line":79,"column":26}}]},"2":{"line":91,"type":"cond-expr","locations":[{"start":{"line":91,"column":64},"end":{"line":91,"column":74}},{"start":{"line":91,"column":77},"end":{"line":91,"column":79}}]},"3":{"line":94,"type":"binary-expr","locations":[{"start":{"line":94,"column":20},"end":{"line":94,"column":24}},{"start":{"line":94,"column":28},"end":{"line":94,"column":39}}]},"4":{"line":95,"type":"binary-expr","locations":[{"start":{"line":95,"column":20},"end":{"line":95,"column":24}},{"start":{"line":95,"column":28},"end":{"line":95,"column":30}}]},"5":{"line":96,"type":"binary-expr","locations":[{"start":{"line":96,"column":20},"end":{"line":96,"column":34}},{"start":{"line":96,"column":38},"end":{"line":96,"column":43}}]},"6":{"line":110,"type":"cond-expr","locations":[{"start":{"line":110,"column":30},"end":{"line":110,"column":55}},{"start":{"line":110,"column":59},"end":{"line":110,"column":67}}]},"7":{"line":149,"type":"binary-expr","locations":[{"start":{"line":149,"column":15},"end":{"line":149,"column":21}},{"start":{"line":149,"column":25},"end":{"line":149,"column":26}}]},"8":{"line":225,"type":"if","locations":[{"start":{"line":225,"column":10},"end":{"line":225,"column":10}},{"start":{"line":225,"column":10},"end":{"line":225,"column":10}}]},"9":{"line":225,"type":"binary-expr","locations":[{"start":{"line":225,"column":13},"end":{"line":225,"column":17}},{"start":{"line":225,"column":21},"end":{"line":225,"column":32}}]},"10":{"line":262,"type":"switch","locations":[{"start":{"line":263,"column":10},"end":{"line":263,"column":43}},{"start":{"line":264,"column":10},"end":{"line":264,"column":43}},{"start":{"line":265,"column":10},"end":{"line":265,"column":45}},{"start":{"line":266,"column":10},"end":{"line":266,"column":45}}]},"11":{"line":274,"type":"if","locations":[{"start":{"line":274,"column":6},"end":{"line":274,"column":6}},{"start":{"line":274,"column":6},"end":{"line":274,"column":6}}]},"12":{"line":274,"type":"binary-expr","locations":[{"start":{"line":274,"column":10},"end":{"line":274,"column":14}},{"start":{"line":274,"column":18},"end":{"line":274,"column":23}},{"start":{"line":274,"column":27},"end":{"line":274,"column":31}},{"start":{"line":274,"column":35},"end":{"line":274,"column":40}}]},"13":{"line":279,"type":"if","locations":[{"start":{"line":279,"column":6},"end":{"line":279,"column":6}},{"start":{"line":279,"column":6},"end":{"line":279,"column":6}}]},"14":{"line":279,"type":"binary-expr","locations":[{"start":{"line":279,"column":10},"end":{"line":279,"column":14}},{"start":{"line":279,"column":18},"end":{"line":279,"column":22}}]},"15":{"line":287,"type":"if","locations":[{"start":{"line":287,"column":6},"end":{"line":287,"column":6}},{"start":{"line":287,"column":6},"end":{"line":287,"column":6}}]},"16":{"line":295,"type":"if","locations":[{"start":{"line":295,"column":6},"end":{"line":295,"column":6}},{"start":{"line":295,"column":6},"end":{"line":295,"column":6}}]},"17":{"line":356,"type":"if","locations":[{"start":{"line":356,"column":6},"end":{"line":356,"column":6}},{"start":{"line":356,"column":6},"end":{"line":356,"column":6}}]},"18":{"line":367,"type":"if","locations":[{"start":{"line":367,"column":6},"end":{"line":367,"column":6}},{"start":{"line":367,"column":6},"end":{"line":367,"column":6}}]},"19":{"line":371,"type":"if","locations":[{"start":{"line":371,"column":6},"end":{"line":371,"column":6}},{"start":{"line":371,"column":6},"end":{"line":371,"column":6}}]},"20":{"line":384,"type":"if","locations":[{"start":{"line":384,"column":6},"end":{"line":384,"column":6}},{"start":{"line":384,"column":6},"end":{"line":384,"column":6}}]},"21":{"line":395,"type":"if","locations":[{"start":{"line":395,"column":8},"end":{"line":395,"column":8}},{"start":{"line":395,"column":8},"end":{"line":395,"column":8}}]},"22":{"line":417,"type":"binary-expr","locations":[{"start":{"line":417,"column":20},"end":{"line":417,"column":47}},{"start":{"line":417,"column":51},"end":{"line":417,"column":63}}]},"23":{"line":418,"type":"binary-expr","locations":[{"start":{"line":418,"column":20},"end":{"line":418,"column":47}},{"start":{"line":418,"column":51},"end":{"line":418,"column":63}}]},"24":{"line":419,"type":"binary-expr","locations":[{"start":{"line":419,"column":20},"end":{"line":419,"column":47}},{"start":{"line":419,"column":51},"end":{"line":419,"column":63}}]},"25":{"line":423,"type":"binary-expr","locations":[{"start":{"line":423,"column":24},"end":{"line":423,"column":53}},{"start":{"line":423,"column":57},"end":{"line":423,"column":69}}]},"26":{"line":424,"type":"cond-expr","locations":[{"start":{"line":424,"column":52},"end":{"line":424,"column":67}},{"start":{"line":424,"column":70},"end":{"line":424,"column":72}}]},"27":{"line":424,"type":"binary-expr","locations":[{"start":{"line":424,"column":20},"end":{"line":424,"column":29}},{"start":{"line":424,"column":33},"end":{"line":424,"column":49}}]},"28":{"line":432,"type":"cond-expr","locations":[{"start":{"line":432,"column":34},"end":{"line":432,"column":58}},{"start":{"line":432,"column":61},"end":{"line":432,"column":71}}]},"29":{"line":439,"type":"if","locations":[{"start":{"line":439,"column":6},"end":{"line":439,"column":6}},{"start":{"line":439,"column":6},"end":{"line":439,"column":6}}]},"30":{"line":450,"type":"if","locations":[{"start":{"line":450,"column":6},"end":{"line":450,"column":6}},{"start":{"line":450,"column":6},"end":{"line":450,"column":6}}]},"31":{"line":451,"type":"if","locations":[{"start":{"line":451,"column":8},"end":{"line":451,"column":8}},{"start":{"line":451,"column":8},"end":{"line":451,"column":8}}]},"32":{"line":454,"type":"if","locations":[{"start":{"line":454,"column":13},"end":{"line":454,"column":13}},{"start":{"line":454,"column":13},"end":{"line":454,"column":13}}]},"33":{"line":466,"type":"cond-expr","locations":[{"start":{"line":466,"column":35},"end":{"line":466,"column":45}},{"start":{"line":466,"column":48},"end":{"line":466,"column":57}}]},"34":{"line":467,"type":"cond-expr","locations":[{"start":{"line":467,"column":34},"end":{"line":467,"column":49}},{"start":{"line":467,"column":52},"end":{"line":467,"column":54}}]},"35":{"line":494,"type":"if","locations":[{"start":{"line":494,"column":10},"end":{"line":494,"column":10}},{"start":{"line":494,"column":10},"end":{"line":494,"column":10}}]},"36":{"line":523,"type":"if","locations":[{"start":{"line":523,"column":8},"end":{"line":523,"column":8}},{"start":{"line":523,"column":8},"end":{"line":523,"column":8}}]},"37":{"line":531,"type":"cond-expr","locations":[{"start":{"line":531,"column":20},"end":{"line":531,"column":30}},{"start":{"line":531,"column":33},"end":{"line":531,"column":37}}]},"38":{"line":545,"type":"if","locations":[{"start":{"line":545,"column":4},"end":{"line":545,"column":4}},{"start":{"line":545,"column":4},"end":{"line":545,"column":4}}]},"39":{"line":549,"type":"cond-expr","locations":[{"start":{"line":549,"column":43},"end":{"line":549,"column":56}},{"start":{"line":549,"column":59},"end":{"line":549,"column":65}}]}},"code":["/*"," * api-easy.js: Top-level include for the api-easy module."," *"," * (C) 2011, Charlie Robbins & the Contributors."," *"," */","","var assert = require('assert'),","    fs = require('fs'),","    path = require('path'),","    qs = require('qs'),","    request = require('request'),","    vows = require('vows');","","//","// ### Check for version info in `package.json`","//","exports.version = require('../package.json').version;","","//","// ## APIeasy.describe(text, vowsSuite)","// This is the main (and sole) entry point for APIeasy.","// It responds with an object literal that manages an","// underlying vows suite. Each call to `APIeasy.describe()`","// will create a vows suite, with the corresponding `text`","// passed to this method.","//","exports.describe = function (text) {","  return {","    //","    // ### State / Context management:","    //","    // * `suite`: The underlying vows suite","    // * `discussion`: Ordered list containing the set of text to use before each test","    // * `outgoing`: Shared options to be passed to the `request` module on each test.","    // * `befores`: Mapping of named functions to execute before each test to modify the","    //             outgoing request options.","    // * `options`: Various configuration options for managing nuances of state / scope.","    // * `paths`: The set of paths representing the location of the current resource /","    //            API method being tested by this object.","    // * `batch`: The object literal representing the current batch of vows tests to","    //            eventually be pass to vows `.addBatch()`.","    // * `batches`: The set of all batches that have been added to the vows `suite`","    //              associated with this object.","    //","    suite: vows.describe(text),","    discussion: [],","    outgoing: {","      headers: {}","    },","    befores: {},","    options: {},","    paths: [],","    batch: {},","    batches: [],","","    //","    // ### Add and Remove BDD Discussion","    // Simple pathing for adding contextual description to sets of tests.","    // Each call to discuss will create an object in the nested vows","    // structure which has that text as the key in the parent. **e.g.:**","    //","    //     APIeasy.describe('your/awesome/api')","    //             .use('localhost', 8080)","    //             .discuss('When using your awesome API')","    //               .discuss('and an awesome resource')","    //               .path('/awesome-resource')","    //                 .get().expect(200)","    //               .undiscuss().unpath()","    //               .discuss('and a super resource')","    //               .path('/super-resource')","    //                 .get().expect(404);","    //","    discuss: function (text) {","      this.discussion.push(text);","      return this;","    },","    undiscuss: function (length) {","      length = length || 1;","      this.discussion.splice(-1 * length, length);","      return this;","    },","","    //","    // ### Setup Remote API Location / Options","    // Configure the remote `host`, `port`, and miscellaneous","    // `options` of the API that this suite is testing.","    //","    use: function (host /* [port, options] */) {","      var args = Array.prototype.slice.call(arguments),","          options = typeof args[args.length - 1] === 'object' ? args.pop() : {},","          port = args[1];","","      this.host   = host || 'localhost';","      this.port   = port || 80;","      this.secure = options.secure || false;","      this.auth   = options.auth;","","      //","      // **TODO _(indexzero)_:** Setup `this.options` here (i.e. options for the SUITE, not the REQUEST)","      // _What are useful options to expose?_","      //","","      return this;","    },","    //","    // ### Configure Basic Authentication","    //","    authenticate: function (username, password) {","      this.auth = password ? (username + ':' + password) : username;","      return this;","    },","    unauthenticate: function () {","      this.auth = null;","      return this;","    },","    //","    // ### Configure Headers","    // Manipulate the HTTP headers that are sent to your API using these methods.","    // They are designed to mimic the node.js core HTTP APIs.","    //","    setHeaders: function (headers) {","      this.outgoing.headers = headers;","      return this;","    },","    setHeader: function (key, value) {","      this.outgoing.headers[key] = value;","      return this;","    },","    getHeader: function (key) {","      return this.outgoing.headers[key];","    },","    removeHeader: function (key, value) {","      delete this.outgoing.headers[key];","      return this;","    },","","    //","    // ### Manipulate Base Path","    // Control the base path used for a given test in this suite. Append a path","    // by calling `.path()`. Remove the last `num` paths from the suite by calling","    // `.unpath(num)`. Set the root path using `.root(path)`","    //","    path: function (uri) {","      this.paths.push(uri.replace(/^\\/|\\/$/ig, ''));","      return this;","    },","    unpath: function (length) {","      length = length || 1;","      this.paths.splice(-1 * length, length);","      return this;","    },","    root: function (path) {","      this.paths = [path];","      return this;","    },","","    //","    // ### Dynamically set Outgoing Request Options","    // Often it is necessary to set some HTTP options conditionally or based on","    // results of a dynamic and/or asynchronous operation. A call to `.before()`","    // will enqueue a function that will modify the outgoing request options","    // before the request is made for all tests on the suite.","    //","    before: function (name, fn) {","      this.befores[name] = fn;","      return this;","    },","    unbefore: function (name) {","      delete this.befores[name];","      return this;","    },","","    //","    // ### Add HTTP Request-based Tests","    // The `.get()`, `.post()`, `.put()`, `.del()`, `.patch()` and `.head()`","    // methods add a new context and topic to the vows structure maintained","    // by this APIeasy suite. The nuts and bolts of this are in the \"private\"","    // method `_request()`.","    //","    // Each method invocation returns the suite itself so that","    //`.expect()` and other assertion method(s) can be called","    // afterwards to add assertions to this context.","    //","    get: function (/* [uri, params] */) {","      var args = Array.prototype.slice.call(arguments);","      args.splice(1, -1, null);","      return this._request.apply(this, ['get'].concat(args));","    },","    post: function (/* [uri, data, params] */) {","      var args = Array.prototype.slice.call(arguments);","      return this._request.apply(this, ['post'].concat(args));","    },","    put: function (/* [uri, data, params] */) {","      var args = Array.prototype.slice.call(arguments);","      return this._request.apply(this, ['put'].concat(args));","    },","    patch: function (/* [uri, data, params] */) {","      var args = Array.prototype.slice.call(arguments);","      var req = this._request.apply(this, ['patch'].concat(args));","      return req;","    },","    del: function (/* [uri, data, params] */) {","      var args = Array.prototype.slice.call(arguments);","      return this._request.apply(this, ['delete'].concat(args));","    },","    head: function (/* [uri, params] */) {","      var args = Array.prototype.slice.call(arguments);","      args.splice(1, -1, null);","      return this._request.apply(this, ['head'].concat(args));","    },","    uploadFile: function (/* [uri, filepath, filePartName, data] */) {","      var args = Array.prototype.slice.call(arguments),","          filepath = args.splice(1, 1),","          filePartName = args.splice(1, 1),","          data = args.splice(1, 1),","          filename = path.basename(filepath);","      args.push(function (outgoing, callback) {","        //","        // TODO replace request/multipart with better implementation with","        // low memory consumption","        //","        fs.readFile(filepath[0], function (err, fileData) {","          var multipart = outgoing.multipart = [];","          if(data && data.length){","            Object.keys(data[0]).forEach(function(key){","              var value = data[0][key];","              multipart.push({","                'Content-Disposition': 'form-data; name=\"' + key + '\"',","                body: value","              });","            });","          }","","          multipart.push({","              'content-type': 'application/octet-stream',","              'Content-Transfer-Encoding': 'binary',","              'Content-Disposition': 'form-data; name=\"' + filePartName + '\"; filename=\"' + filename + '\"',","              'body': fileData","          });","","          request(outgoing, callback);","        });","      });","","      return this._request.apply(this, ['post'].concat(args));","    },","","    //","    // ### Add Test Assertions","    // Add test assertions with `.expect()`. There are a couple of options here:","    //","    // 1. Assert a response code: `suite.expect(200)`","    // 2. Assert a JSON result: `suite.expect({ some: 'value' })`","    // 3. Use a custom assertion: `suite.expect('should be custom', function (err, res, body) { ... })`","    //","    expect: function (/* [text, code, result, assert] */) {","      var args = Array.prototype.slice.call(arguments),","          text, code, result, test, context;","","      args.forEach(function (arg) {","        switch (typeof(arg)) {","          case 'number': code = arg; break;","          case 'string': text = arg; break;","          case 'object': result = arg; break;","          case 'function': test = arg; break;","        }","      });","","      context = this._currentTest(this.current);","","      // When using a custom test assertion function, both the assertion function","      // and a description are required or else we have no key in the JSON structure to use.","      if (text && !test || test && !text) {","        throw new Error('Both description and a custom test are required.');","      }","","      // Setup the custom test assertion if we have the appropriate arguments.","      if (text && test) {","        context[text] = function (err, res, body) {","          assert.isNull(err);","          test.apply(context, arguments);","        };","      }","","      // Setup the response code test assertion if we have the appropriate arguments.","      if (code) {","        context['should respond with ' + code] = function (err, res, body) {","          assert.isNull(err);","          assert.equal(res.statusCode, code);","        };","      }","","      // Setup the JSON response assertion if we have the appropriate arguments.","      if (result) {","        context['should respond with ' + JSON.stringify(result).substring(0, 50)] = function (err, res, body) {","          //","          // Pass any and all errors from parsing and asserting","          // the JSON returned to the underlying `vows` suite.","          //","          assert.isNull(err);","          var testResult = JSON.parse(body);","          assert.deepEqual(testResult, result);","        };","      }","","      return this;","    },","","    //","    // Create some helper methods for setting important options","    // that will be later passed to `request`.","    //","    followRedirect: function (follow) {","      this.outgoing.followRedirect = follow;","      return this;","    },","    maxRedirects: function (max) {","      this.outgoing.maxRedirects = max;","      return this;","    },","","    //","    // ### Perform Sequential Tests Easily","    // Since this object literal is designed to manage a single vows suite,","    // we need a way to add multiple batches to that suite for performing","    // sequential tests. This is precisely what `.next()` does. It will:","    //","    // 1. Add the current batch (or 'vows'), `this.batch`, to the vows suite","    // 2. Add this same batch to the set of batches on `this.batches`","    // 3. Create a new empty object literal to use for `this.batch`.","    // 4. Reset the context for the `this.current` test.","    //","    next: function () {","      this.suite.addBatch(this.batch);","      this.batches.push(this.batch);","      this.batch = {};","      this.current = '';","      return this;","    },","","    //","    // ### Run Your Tests","    // Again, since we are managing a single vows suite in this object we","    // should expose an easy way to export your tests to a given target without","    // needing to call `apiEasySuite.suite.export(module)`. You should only","    // call this method once in a given test file.","    //","    // The method exportTo(module) is provided as an alias to export(module)","    // if you want to avoid using the reserved JavaScript `export` word","    //","    // You can also call `.run()` which will run the specified suite just","    // as if you were using vows directly.","    //","    export: function (target) {","      if (this.batch) {","        this.next();","      }","","      this.suite.export(target);","      return this;","    },","    exportTo: function (target) {","      return this.export(target);","    },","    run: function (options, callback) {","      if (this.batch) {","        this.next();","      }","","      if (!callback) {","        callback = options;","        options = {};","      }","","      this.suite.run(options, callback);","      return this;","    },","","    // ### Use Vows from APIeasy","    //extrapolating this allows us to add our own custom methods.","    inheritedMethods: ['get', 'post', 'del', 'put', 'patch', 'head', 'uploadFile'],","    addBatch : function () {","      if (this.batch) {","        this.next();","      }","","      //","      // injects `easy` methods into vows' suite to be able","      // to switch back to APIEasy context","      //","      var self = this;","","      this.inheritedMethods.forEach(function (methodName) {","        if (typeof self.suite[methodName] === 'undefined') {","          self.suite[methodName] = function () {","            return self[methodName].apply(self, arguments);","          }","        }","      });","","      this.suite.addBatch.apply(this.suite, arguments);","      return this;","    },","","    //","    // ### Helpers and Utilities","    // `_request()` exists for the sake of DRY and simplicity and is designed to handle","    // a variety of interal usage(s) exposed indirectly through the `.get()`,","    // `.post()`, `.put()`, `.del()` and `.head()`. Nothing to see here unless you're","    // interested in improving APIeasy itself.","    //","    _request: function (/* method [uri, data, params] */) {","      var self    = this,","          args    = Array.prototype.slice.call(arguments),","          method  = args.shift(),","          uri     = typeof args[0] === 'string' && args.shift(),","          data    = typeof args[0] === 'object' && args.shift(),","          params  = typeof args[0] === 'object' && args.shift(),","","          // custom request implementation function (outgoing, callaback),","          // should invoke callback(err, response, body) once done","          requestImpl = typeof args[0] === 'function' && args.shift(),","          port    = this.port && this.port !== 80 ? ':' + this.port : '',","          outgoing = clone(this.outgoing),","          fullUri, context;","","      //","      // Update the fullUri for this request with the passed uri","      // and the query string parameters (if any).","      //","      fullUri = distillPath(uri ? this.paths.concat([uri]) : this.paths);","","      //","      // Append the query string parameters to the `fullUri`. It's worth mentioning","      // here that if only a single object is provided to `_request()` it will assume","      // that it is the request body, not the params hash.","      //","      if (params) {","        fullUri += '?' + qs.stringify(params);","      }","","      //","      // If the user has provided data, assume that it is JSON","      // and set it to the `body` property of the options.","      //","      // **TODO _(indexzero)_**: Expose more properties available by the","      // [request module](http://github.com/mikeal/request)","      //","      if (data) {","        if (this.outgoing.headers['Content-Type'] == 'application/x-www-form-urlencoded') {","          outgoing.body = qs.stringify(data);","        }","        else if (this.outgoing.headers['Content-Type'] == 'application/json') {","          outgoing.body = JSON.stringify(data);","        }","        else {","          outgoing.body = data;","        }","      }","","      //","      // Set the `uri` and `method` properties of the request options `outgoing`","      // using the information provided to this instance and `_request()`.","      //","      outgoing.uri = this.secure ? 'https://' : 'http://';","      outgoing.uri += this.auth ? this.auth + '@' : '';","      outgoing.uri += this.host + port + fullUri;","      outgoing.method = method;","","      //","      // Create the description for this test. This is currently static.","      // **Remark _(indexzero)_**: Do users care if these strings are configurable?","      //","      this.current = ['A', method.toUpperCase(), 'to', fullUri].join(' ');","      context = this._currentTest();","","      //","      // Add the topic for the specified request to the context of the current","      // batch used by this suite.","      //","      context[this.current] = {","        topic: function () {","          //","          // Before making the outgoing HTTP request for this topic, execute","          // all known before funtions available to this suite. These functions","          // are by definition synchronous add vows before a given test if","          // this data is fetched asynchronously.","          //","          Object.keys(self.befores).forEach(function (name) {","            outgoing = self.befores[name](outgoing);","          });","","          if (requestImpl)","            requestImpl(outgoing, this.callback);","          else","            request(outgoing, this.callback);","        }","      };","","      //","      // Set the outgoing request options and set of before functions on the topic.","      // This is used for test assertions, general consistency, and basically","      // just knowing what every topic does explicitly.","      //","      context[this.current].topic.outgoing = outgoing;","      context[this.current].topic.before   = this.befores;","","      return this;","    },","","    //","    // The vows data structure is read as a sentence constructred by","    // keys in a nested JSON structure. This helper method is designed to","    // get the current test context (i.e. object) by nesting into the","    // JSON structure using this convention.","    //","    _currentTest: function (text) {","      var last = this.batch;","","      // Nest into the batch JSON structure using the current `discussion` text.","      this.discussion.forEach(function (text) {","        if (typeof last[text] !== 'object') {","          last[text] = {};","        }","","        // Capture the nested object","        last = last[text];","      });","","      return text ? last[text] : last;","    }","  };","};","","//","// A simple function that performs a deep clone on the specified `obj`.","// We use this in APIeasy to create multiple copies of the `options`","// passed to `request` because they are considered mutable by `request`","// and we strive to make each request idempotent.","//","function clone (obj) {","  var copy = {};","  for (var i in obj) {","    if (Array.isArray(obj[i])) {","      copy[i] = obj[i].slice(0);","    }","    else {","      copy[i] = obj[i] instanceof Object ? clone(obj[i]) : obj[i];","    }","  }","","  return copy;","}","","//","// Helper function used to join nested paths created by","// multiple calls to `.path()`.","//","//     suite.path('/a-path')","//          .path('/hey-another-path')","//          .path(...)","//","function distillPath (paths) {","  return '/' + paths.map(function (p) {","    return encodeURI(p.replace(/^\\/|\\/$/ig, ''));","  }).join('/');","}",""],"l":{"8":1,"18":1,"28":1,"29":0,"75":0,"76":0,"79":0,"80":0,"81":0,"90":0,"94":0,"95":0,"96":0,"97":0,"104":0,"110":0,"111":0,"114":0,"115":0,"123":0,"124":0,"127":0,"128":0,"131":0,"134":0,"135":0,"145":0,"146":0,"149":0,"150":0,"151":0,"154":0,"155":0,"166":0,"167":0,"170":0,"171":0,"186":0,"187":0,"188":0,"191":0,"192":0,"195":0,"196":0,"199":0,"200":0,"201":0,"204":0,"205":0,"208":0,"209":0,"210":0,"213":0,"218":0,"223":0,"224":0,"225":0,"226":0,"227":0,"228":0,"235":0,"242":0,"246":0,"258":0,"261":0,"262":0,"263":0,"264":0,"265":0,"266":0,"270":0,"274":0,"275":0,"279":0,"280":0,"281":0,"282":0,"287":0,"288":0,"289":0,"290":0,"295":0,"296":0,"301":0,"302":0,"303":0,"307":0,"315":0,"316":0,"319":0,"320":0,"335":0,"336":0,"337":0,"338":0,"339":0,"356":0,"357":0,"360":0,"361":0,"364":0,"367":0,"368":0,"371":0,"372":0,"373":0,"376":0,"377":0,"384":0,"385":0,"392":0,"394":0,"395":0,"396":0,"397":0,"402":0,"403":0,"414":0,"432":0,"439":0,"440":0,"450":0,"451":0,"452":0,"454":0,"455":0,"458":0,"466":0,"467":0,"468":0,"469":0,"475":0,"476":0,"482":0,"490":0,"491":0,"494":0,"495":0,"497":0,"506":0,"507":0,"509":0,"519":0,"522":0,"523":0,"524":0,"528":0,"531":0,"542":1,"543":0,"544":0,"545":0,"546":0,"549":0,"553":0,"564":1,"565":0,"566":0}}}